{"D:\\DEV\\JS\\Vue\\realworld-vue\\src\\assets\\main.css": {"path":"D:\\DEV\\JS\\Vue\\realworld-vue\\src\\assets\\main.css","statementMap":{"0":{"start":{"line":1,"column":0},"end":{"line":1,"column":19}}},"fnMap":{},"branchMap":{},"s":{"0":1},"f":{},"b":{},"_coverageSchema":"43e27e138ebf9cfc5966b082cf9a028302ed4184","hash":"88381a184c5e7ec45f668bc999a31590e0101837"}
,"D:\\DEV\\JS\\Vue\\realworld-vue\\src\\components\\NavBar.vue": {"path":"D:\\DEV\\JS\\Vue\\realworld-vue\\src\\components\\NavBar.vue","statementMap":{"0":{"start":{"line":45,"column":0},"end":{"line":45,"column":null}}},"fnMap":{"0":{"name":"(anonymous_1)","decl":{"start":{"line":44,"column":0},"end":{"line":44,"column":null}},"loc":{"start":{"line":44,"column":0},"end":{"line":46,"column":null}}}},"branchMap":{},"s":{"0":4},"f":{"0":4},"b":{}}
,"D:\\DEV\\JS\\Vue\\realworld-vue\\src\\router\\index.js": {"path":"D:\\DEV\\JS\\Vue\\realworld-vue\\src\\router\\index.js","statementMap":{"0":{"start":{"line":5,"column":0},"end":{"line":5,"column":19}},"1":{"start":{"line":7,"column":15},"end":{"line":48,"column":1}},"2":{"start":{"line":16,"column":21},"end":{"line":16,"column":48}},"3":{"start":{"line":21,"column":21},"end":{"line":21,"column":51}},"4":{"start":{"line":26,"column":21},"end":{"line":26,"column":51}},"5":{"start":{"line":31,"column":21},"end":{"line":31,"column":56}},"6":{"start":{"line":36,"column":21},"end":{"line":36,"column":54}},"7":{"start":{"line":41,"column":21},"end":{"line":41,"column":50}},"8":{"start":{"line":46,"column":21},"end":{"line":46,"column":50}},"9":{"start":{"line":50,"column":15},"end":{"line":52,"column":2}}},"fnMap":{"0":{"name":"(anonymous_0)","decl":{"start":{"line":16,"column":15},"end":{"line":16,"column":16}},"loc":{"start":{"line":16,"column":21},"end":{"line":16,"column":48}},"line":16},"1":{"name":"(anonymous_1)","decl":{"start":{"line":21,"column":15},"end":{"line":21,"column":16}},"loc":{"start":{"line":21,"column":21},"end":{"line":21,"column":51}},"line":21},"2":{"name":"(anonymous_2)","decl":{"start":{"line":26,"column":15},"end":{"line":26,"column":16}},"loc":{"start":{"line":26,"column":21},"end":{"line":26,"column":51}},"line":26},"3":{"name":"(anonymous_3)","decl":{"start":{"line":31,"column":15},"end":{"line":31,"column":16}},"loc":{"start":{"line":31,"column":21},"end":{"line":31,"column":56}},"line":31},"4":{"name":"(anonymous_4)","decl":{"start":{"line":36,"column":15},"end":{"line":36,"column":16}},"loc":{"start":{"line":36,"column":21},"end":{"line":36,"column":54}},"line":36},"5":{"name":"(anonymous_5)","decl":{"start":{"line":41,"column":15},"end":{"line":41,"column":16}},"loc":{"start":{"line":41,"column":21},"end":{"line":41,"column":50}},"line":41},"6":{"name":"(anonymous_6)","decl":{"start":{"line":46,"column":15},"end":{"line":46,"column":16}},"loc":{"start":{"line":46,"column":21},"end":{"line":46,"column":50}},"line":46}},"branchMap":{},"s":{"0":1,"1":1,"2":0,"3":0,"4":0,"5":0,"6":0,"7":0,"8":0,"9":1},"f":{"0":0,"1":0,"2":0,"3":0,"4":0,"5":0,"6":0},"b":{},"_coverageSchema":"43e27e138ebf9cfc5966b082cf9a028302ed4184","hash":"3307b6a6943ebe2966d890d7452160b8622e8d25"}
,"D:\\DEV\\JS\\Vue\\realworld-vue\\src\\store\\api.js": {"path":"D:\\DEV\\JS\\Vue\\realworld-vue\\src\\store\\api.js","statementMap":{"0":{"start":{"line":3,"column":19},"end":{"line":5,"column":2}},"1":{"start":{"line":8,"column":2},"end":{"line":8,"column":65}},"2":{"start":{"line":12,"column":2},"end":{"line":12,"column":54}}},"fnMap":{"0":{"name":"setToken","decl":{"start":{"line":7,"column":16},"end":{"line":7,"column":24}},"loc":{"start":{"line":7,"column":30},"end":{"line":9,"column":1}},"line":7},"1":{"name":"clearToken","decl":{"start":{"line":11,"column":16},"end":{"line":11,"column":26}},"loc":{"start":{"line":11,"column":29},"end":{"line":13,"column":1}},"line":11}},"branchMap":{},"s":{"0":1,"1":1,"2":1},"f":{"0":1,"1":1},"b":{},"_coverageSchema":"43e27e138ebf9cfc5966b082cf9a028302ed4184","hash":"cfcbdbd892025da9a267238c05e6d27ac60a2ad9"}
,"D:\\DEV\\JS\\Vue\\realworld-vue\\src\\store\\index.js": {"path":"D:\\DEV\\JS\\Vue\\realworld-vue\\src\\store\\index.js","statementMap":{"0":{"start":{"line":5,"column":0},"end":{"line":5,"column":14}}},"fnMap":{},"branchMap":{},"s":{"0":1},"f":{},"b":{},"_coverageSchema":"43e27e138ebf9cfc5966b082cf9a028302ed4184","hash":"44429d5a5f5a90a66bf7321d22e18ce82b9c42f0"}
,"D:\\DEV\\JS\\Vue\\realworld-vue\\src\\store\\modules\\users.js": {"path":"D:\\DEV\\JS\\Vue\\realworld-vue\\src\\store\\modules\\users.js","statementMap":{"0":{"start":{"line":11,"column":6},"end":{"line":11,"column":57}},"1":{"start":{"line":16,"column":6},"end":{"line":16,"column":27}},"2":{"start":{"line":21,"column":19},"end":{"line":21,"column":41}},"3":{"start":{"line":22,"column":6},"end":{"line":22,"column":30}},"4":{"start":{"line":25,"column":6},"end":{"line":25,"column":19}},"5":{"start":{"line":26,"column":6},"end":{"line":41,"column":7}},"6":{"start":{"line":27,"column":25},"end":{"line":32,"column":10}},"7":{"start":{"line":34,"column":8},"end":{"line":37,"column":9}},"8":{"start":{"line":35,"column":10},"end":{"line":35,"column":45}},"9":{"start":{"line":36,"column":10},"end":{"line":36,"column":48}},"10":{"start":{"line":39,"column":8},"end":{"line":39,"column":23}},"11":{"start":{"line":40,"column":8},"end":{"line":40,"column":16}}},"fnMap":{"0":{"name":"(anonymous_0)","decl":{"start":{"line":10,"column":4},"end":{"line":10,"column":5}},"loc":{"start":{"line":10,"column":20},"end":{"line":12,"column":5}},"line":10},"1":{"name":"(anonymous_1)","decl":{"start":{"line":15,"column":4},"end":{"line":15,"column":5}},"loc":{"start":{"line":15,"column":28},"end":{"line":17,"column":5}},"line":15},"2":{"name":"(anonymous_2)","decl":{"start":{"line":20,"column":13},"end":{"line":20,"column":14}},"loc":{"start":{"line":20,"column":40},"end":{"line":23,"column":5}},"line":20},"3":{"name":"(anonymous_3)","decl":{"start":{"line":24,"column":15},"end":{"line":24,"column":16}},"loc":{"start":{"line":24,"column":63},"end":{"line":42,"column":5}},"line":24}},"branchMap":{"0":{"loc":{"start":{"line":11,"column":13},"end":{"line":11,"column":56}},"type":"binary-expr","locations":[{"start":{"line":11,"column":14},"end":{"line":11,"column":24}},{"start":{"line":11,"column":28},"end":{"line":11,"column":47}},{"start":{"line":11,"column":52},"end":{"line":11,"column":56}}],"line":11},"1":{"loc":{"start":{"line":34,"column":8},"end":{"line":37,"column":9}},"type":"if","locations":[{"start":{"line":34,"column":8},"end":{"line":37,"column":9}},{"start":{"line":34,"column":8},"end":{"line":37,"column":9}}],"line":34}},"s":{"0":2,"1":1,"2":0,"3":0,"4":1,"5":1,"6":1,"7":1,"8":1,"9":1,"10":0,"11":0},"f":{"0":2,"1":1,"2":0,"3":1},"b":{"0":[2,1,1],"1":[1,0]},"_coverageSchema":"43e27e138ebf9cfc5966b082cf9a028302ed4184","hash":"c1e063a381a7f34e75f51b7ce66d30e11c7996f8"}
}
