TN:
SF:D:\DEV\JS\Vue\realworld-vue\src\assets\main.css
FNF:0
FNH:0
DA:1,1
LF:1
LH:1
BRF:0
BRH:0
end_of_record
TN:
SF:D:\DEV\JS\Vue\realworld-vue\src\components\NavBar.vue
FN:44,(anonymous_1)
FNF:1
FNH:1
FNDA:4,(anonymous_1)
DA:45,4
LF:1
LH:1
BRF:0
BRH:0
end_of_record
TN:
SF:D:\DEV\JS\Vue\realworld-vue\src\router\index.js
FN:16,(anonymous_0)
FN:21,(anonymous_1)
FN:26,(anonymous_2)
FN:31,(anonymous_3)
FN:36,(anonymous_4)
FN:41,(anonymous_5)
FN:46,(anonymous_6)
FNF:7
FNH:0
FNDA:0,(anonymous_0)
FNDA:0,(anonymous_1)
FNDA:0,(anonymous_2)
FNDA:0,(anonymous_3)
FNDA:0,(anonymous_4)
FNDA:0,(anonymous_5)
FNDA:0,(anonymous_6)
DA:5,1
DA:7,1
DA:16,0
DA:21,0
DA:26,0
DA:31,0
DA:36,0
DA:41,0
DA:46,0
DA:50,1
LF:10
LH:3
BRF:0
BRH:0
end_of_record
TN:
SF:D:\DEV\JS\Vue\realworld-vue\src\store\api.js
FN:7,setToken
FN:11,clearToken
FNF:2
FNH:2
FNDA:1,setToken
FNDA:1,clearToken
DA:3,1
DA:8,1
DA:12,1
LF:3
LH:3
BRF:0
BRH:0
end_of_record
TN:
SF:D:\DEV\JS\Vue\realworld-vue\src\store\index.js
FNF:0
FNH:0
DA:5,1
LF:1
LH:1
BRF:0
BRH:0
end_of_record
TN:
SF:D:\DEV\JS\Vue\realworld-vue\src\store\modules\users.js
FN:10,(anonymous_0)
FN:15,(anonymous_1)
FN:20,(anonymous_2)
FN:24,(anonymous_3)
FNF:4
FNH:3
FNDA:2,(anonymous_0)
FNDA:1,(anonymous_1)
FNDA:0,(anonymous_2)
FNDA:1,(anonymous_3)
DA:11,2
DA:16,1
DA:21,0
DA:22,0
DA:25,1
DA:26,1
DA:27,1
DA:34,1
DA:35,1
DA:36,1
DA:39,0
DA:40,0
LF:12
LH:8
BRDA:11,0,0,2
BRDA:11,0,1,1
BRDA:11,0,2,1
BRDA:34,1,0,1
BRDA:34,1,1,0
BRF:5
BRH:4
end_of_record
